<?xml version="1.0" encoding="UTF-8"?>
<!-- Generated by org.testng.reporters.JUnitReportReporter -->
<testsuite hostname="Neeshu-SB" failures="0" tests="2" name="com.DsAlgoProject.TestCases.TC05_Stacks" time="14.202" errors="0" timestamp="2022-05-09T13:24:02 PDT" skipped="0">
  <testcase classname="com.DsAlgoProject.TestCases.TC05_Stacks" name="StacksTest" time="7.040"/>
  <system-out/>
  <testcase classname="com.DsAlgoProject.TestCases.TC05_Stacks" name="StacksTest" time="7.162"/>
  <system-out/>
</testsuite> <!-- com.DsAlgoProject.TestCases.TC05_Stacks -->
