<?xml version="1.0" encoding="UTF-8"?>
<!-- Generated by org.testng.reporters.JUnitReportReporter -->
<testsuite hostname="Neeshu-SB" failures="0" tests="2" name="com.DsAlgoProject.TestCases.TC03_DataStructures" time="13.414" errors="0" timestamp="2022-05-09T13:24:02 PDT" skipped="0">
  <testcase classname="com.DsAlgoProject.TestCases.TC03_DataStructures" name="DataStructuresTest" time="5.552"/>
  <system-out/>
  <testcase classname="com.DsAlgoProject.TestCases.TC03_DataStructures" name="DataStructuresTest" time="7.862"/>
  <system-out/>
</testsuite> <!-- com.DsAlgoProject.TestCases.TC03_DataStructures -->
