<?xml version="1.0" encoding="UTF-8"?>
<!-- Generated by org.testng.reporters.JUnitReportReporter -->
<testsuite hostname="Neeshu-SB" failures="0" tests="2" name="com.DsAlgoProject.TestCases.testings" time="12.743" errors="0" timestamp="2022-05-04T22:52:29 PDT" skipped="0">
  <testcase classname="com.DsAlgoProject.TestCases.testings" name="MyMethod" time="7.042"/>
  <system-out/>
  <testcase classname="com.DsAlgoProject.TestCases.testings" name="MyMethod" time="5.701"/>
  <system-out/>
</testsuite> <!-- com.DsAlgoProject.TestCases.testings -->
